Using deprecated plugin type:"render"  use "postProcessByHtml" instead
Using deprecated plugin type:"render"  use "postProcessByHtml" instead
Using deprecated plugin type:"render"  use "postProcessByHtml" insteadUsing deprecated plugin type:"render"  use "postProcessByHtml" instead

Using deprecated plugin type:"render"  use "postProcessByHtml" insteadUsing deprecated plugin type:"render"  use "postProcessByHtml" instead

Using deprecated plugin type:"render"  use "postProcessByHtml" insteadUsing deprecated plugin type:"render"  use "postProcessByHtml" instead

Using deprecated plugin type:"render"  use "postProcessByHtml" insteadUsing deprecated plugin type:"render"  use "postProcessByHtml" instead

Using deprecated plugin type:"render"  use "postProcessByHtml" insteadUsing deprecated plugin type:"render"  use "postProcessByHtml" instead


----------------------------------
Using stored unhandled routes!.
   To discover new routes in the angular app use "npm run scully -- --scanRoutes"
----------------------------------
Using deprecated plugin type:"render"  use "postProcessByHtml" insteadUsing deprecated plugin type:"render"  use "postProcessByHtml" instead

Using deprecated plugin type:"render"  use "postProcessByHtml" insteadUsing deprecated plugin type:"render"  use "postProcessByHtml" instead

Using deprecated plugin type:"render"  use "postProcessByHtml" insteadUsing deprecated plugin type:"render"  use "postProcessByHtml" instead

Using deprecated plugin type:"render"  use "postProcessByHtml" insteadUsing deprecated plugin type:"render"  use "postProcessByHtml" instead

Using deprecated plugin type:"render"  use "postProcessByHtml" insteadUsing deprecated plugin type:"render"  use "postProcessByHtml" instead

Using deprecated plugin type:"render"  use "postProcessByHtml" insteadUsing deprecated plugin type:"render"  use "postProcessByHtml" instead

Using deprecated plugin type:"render"  use "postProcessByHtml" insteadUsing deprecated plugin type:"render"  use "postProcessByHtml" instead

Using deprecated plugin type:"render"  use "postProcessByHtml" insteadUsing deprecated plugin type:"render"  use "postProcessByHtml" instead

Using deprecated plugin type:"render"  use "postProcessByHtml" insteadUsing deprecated plugin type:"render"  use "postProcessByHtml" instead

Using deprecated plugin type:"render"  use "postProcessByHtml" insteadUsing deprecated plugin type:"render"  use "postProcessByHtml" instead

Using deprecated plugin type:"render"  use "postProcessByHtml" insteadUsing deprecated plugin type:"render"  use "postProcessByHtml" instead

Using deprecated plugin type:"render"  use "postProcessByHtml" insteadUsing deprecated plugin type:"render"  use "postProcessByHtml" instead


----------------------------------
Using stored unhandled routes!.
   To discover new routes in the angular app use "npm run scully -- --scanRoutes"
----------------------------------
Using deprecated plugin type:"render"  use "postProcessByHtml" insteadUsing deprecated plugin type:"render"  use "postProcessByHtml" instead

Using deprecated plugin type:"render"  use "postProcessByHtml" insteadUsing deprecated plugin type:"render"  use "postProcessByHtml" instead


----------------------------------
Using stored unhandled routes!.
   To discover new routes in the angular app use "npm run scully -- --scanRoutes"
----------------------------------
Using deprecated plugin type:"render"  use "postProcessByHtml" insteadUsing deprecated plugin type:"render"  use "postProcessByHtml" instead

Using deprecated plugin type:"render"  use "postProcessByHtml" insteadUsing deprecated plugin type:"render"  use "postProcessByHtml" instead


----------------------------------
Using stored unhandled routes!.
   To discover new routes in the angular app use "npm run scully -- --scanRoutes"
----------------------------------
Using deprecated plugin type:"render"  use "postProcessByHtml" insteadUsing deprecated plugin type:"render"  use "postProcessByHtml" instead

Using deprecated plugin type:"render"  use "postProcessByHtml" insteadUsing deprecated plugin type:"render"  use "postProcessByHtml" instead


----------------------------------
Using stored unhandled routes!.
   To discover new routes in the angular app use "npm run scully -- --scanRoutes"
----------------------------------
Received Kill commandClosed servers

Using deprecated plugin type:"render"  use "postProcessByHtml" insteadUsing deprecated plugin type:"render"  use "postProcessByHtml" instead

Using deprecated plugin type:"render"  use "postProcessByHtml" insteadUsing deprecated plugin type:"render"  use "postProcessByHtml" instead

Using deprecated plugin type:"render"  use "postProcessByHtml" insteadUsing deprecated plugin type:"render"  use "postProcessByHtml" instead

Using deprecated plugin type:"render"  use "postProcessByHtml" insteadUsing deprecated plugin type:"render"  use "postProcessByHtml" instead

Using deprecated plugin type:"render"  use "postProcessByHtml" insteadUsing deprecated plugin type:"render"  use "postProcessByHtml" instead


----------------------------------
Using stored unhandled routes!.
   To discover new routes in the angular app use "npm run scully -- --scanRoutes"
----------------------------------
Using deprecated plugin type:"render"  use "postProcessByHtml" insteadUsing deprecated plugin type:"render"  use "postProcessByHtml" instead

Using deprecated plugin type:"render"  use "postProcessByHtml" insteadUsing deprecated plugin type:"render"  use "postProcessByHtml" instead

<<<<<<< HEAD
=======
Using deprecated plugin type:"render"  use "postProcessByHtml" insteadUsing deprecated plugin type:"render"  use "postProcessByHtml" instead

Using deprecated plugin type:"render"  use "postProcessByHtml" insteadUsing deprecated plugin type:"render"  use "postProcessByHtml" instead


----------------------------------
Using stored unhandled routes!.
   To discover new routes in the angular app use "npm run scully -- --scanRoutes"
----------------------------------
Received Kill commandClosed servers

Using deprecated plugin type:"render"  use "postProcessByHtml" insteadUsing deprecated plugin type:"render"  use "postProcessByHtml" instead

Using deprecated plugin type:"render"  use "postProcessByHtml" insteadUsing deprecated plugin type:"render"  use "postProcessByHtml" instead


----------------------------------
Using stored unhandled routes!.
   To discover new routes in the angular app use "npm run scully -- --scanRoutes"
----------------------------------
Using deprecated plugin type:"render"  use "postProcessByHtml" insteadUsing deprecated plugin type:"render"  use "postProcessByHtml" instead

Using deprecated plugin type:"render"  use "postProcessByHtml" insteadUsing deprecated plugin type:"render"  use "postProcessByHtml" instead


----------------------------------
Using stored unhandled routes!.
   To discover new routes in the angular app use "npm run scully -- --scanRoutes"
----------------------------------
Using deprecated plugin type:"render"  use "postProcessByHtml" insteadUsing deprecated plugin type:"render"  use "postProcessByHtml" instead

Using deprecated plugin type:"render"  use "postProcessByHtml" insteadUsing deprecated plugin type:"render"  use "postProcessByHtml" instead


----------------------------------
Using stored unhandled routes!.
   To discover new routes in the angular app use "npm run scully -- --scanRoutes"
----------------------------------
Using deprecated plugin type:"render"  use "postProcessByHtml" insteadUsing deprecated plugin type:"render"  use "postProcessByHtml" instead

Using deprecated plugin type:"render"  use "postProcessByHtml" insteadUsing deprecated plugin type:"render"  use "postProcessByHtml" instead


----------------------------------
Using stored unhandled routes!.
   To discover new routes in the angular app use "npm run scully -- --scanRoutes"
----------------------------------
Using deprecated plugin type:"render"  use "postProcessByHtml" insteadUsing deprecated plugin type:"render"  use "postProcessByHtml" instead

Using deprecated plugin type:"render"  use "postProcessByHtml" insteadUsing deprecated plugin type:"render"  use "postProcessByHtml" instead


----------------------------------
Using stored unhandled routes!.
   To discover new routes in the angular app use "npm run scully -- --scanRoutes"
----------------------------------
Using deprecated plugin type:"render"  use "postProcessByHtml" insteadUsing deprecated plugin type:"render"  use "postProcessByHtml" instead

Using deprecated plugin type:"render"  use "postProcessByHtml" insteadUsing deprecated plugin type:"render"  use "postProcessByHtml" instead


----------------------------------
Using stored unhandled routes!.
   To discover new routes in the angular app use "npm run scully -- --scanRoutes"
----------------------------------
>>>>>>> 5f2659671cdc2d891bec03b35eeb8000815e92b5
